<?xml version="1.0" encoding="UTF-8"?>
<!-- Generated by org.testng.reporters.JUnitReportReporter -->
<testsuite hostname="Collaberas-MacBook-Pro.local" failures="0" tests="5" name="Test_Scenarios.Test_Scenarios_Edureka" time="171.998" errors="0" timestamp="2023-04-28T19:19:24 PST" skipped="0">
  <testcase classname="Test_Scenarios.Test_Scenarios_Edureka" name="launchEdureka" time="3.197"/>
  <system-out/>
  <testcase classname="Test_Scenarios.Test_Scenarios_Edureka" name="signUp" time="46.380"/>
  <system-out/>
  <testcase classname="Test_Scenarios.Test_Scenarios_Edureka" name="logIn" time="11.307"/>
  <system-out/>
  <testcase classname="Test_Scenarios.Test_Scenarios_Edureka" name="profile" time="96.644"/>
  <system-out/>
  <testcase classname="Test_Scenarios.Test_Scenarios_Edureka" name="interest" time="14.470"/>
  <system-out/>
</testsuite> <!-- Test_Scenarios.Test_Scenarios_Edureka -->
